Unity Editor version:    2022.3.12f1 (4fe6e059c7ef)
Branch:                  2022.3/release
Build type:              Release
Batch mode:              YES
macOS version:           Version 14.4.1 (Build 23E224)
Darwin version:          23.4.0
Architecture:            arm64
Running under Rosetta:   NO
Available memory:        32768 MB
Using pre-set license
Pro License: YES

COMMAND LINE ARGUMENTS:
/Applications/Unity/Hub/Editor/2022.3.12f1/Unity.app/Contents/MacOS/Unity
-adb2
-batchMode
-noUpm
-name
AssetImportWorker0
-projectPath
/Users/cneff/Documents/GitHub/worldbuilding_final/worldbuilding final
-logFile
Logs/AssetImportWorker0.log
-srvPort
61562
Successfully changed project path to: /Users/cneff/Documents/GitHub/worldbuilding_final/worldbuilding final
/Users/cneff/Documents/GitHub/worldbuilding_final/worldbuilding final
[UnityMemory] Configuration Parameters - Can be set up in boot.config
    "memorysetup-bucket-allocator-granularity=16"
    "memorysetup-bucket-allocator-bucket-count=8"
    "memorysetup-bucket-allocator-block-size=33554432"
    "memorysetup-bucket-allocator-block-count=8"
    "memorysetup-main-allocator-block-size=16777216"
    "memorysetup-thread-allocator-block-size=16777216"
    "memorysetup-gfx-main-allocator-block-size=16777216"
    "memorysetup-gfx-thread-allocator-block-size=16777216"
    "memorysetup-cache-allocator-block-size=4194304"
    "memorysetup-typetree-allocator-block-size=2097152"
    "memorysetup-profiler-bucket-allocator-granularity=16"
    "memorysetup-profiler-bucket-allocator-bucket-count=8"
    "memorysetup-profiler-bucket-allocator-block-size=33554432"
    "memorysetup-profiler-bucket-allocator-block-count=8"
    "memorysetup-profiler-allocator-block-size=16777216"
    "memorysetup-profiler-editor-allocator-block-size=1048576"
    "memorysetup-temp-allocator-size-main=16777216"
    "memorysetup-job-temp-allocator-block-size=2097152"
    "memorysetup-job-temp-allocator-block-size-background=1048576"
    "memorysetup-job-temp-allocator-reduction-small-platforms=262144"
    "memorysetup-allocator-temp-initial-block-size-main=262144"
    "memorysetup-allocator-temp-initial-block-size-worker=262144"
    "memorysetup-temp-allocator-size-background-worker=32768"
    "memorysetup-temp-allocator-size-job-worker=262144"
    "memorysetup-temp-allocator-size-preload-manager=33554432"
    "memorysetup-temp-allocator-size-nav-mesh-worker=65536"
    "memorysetup-temp-allocator-size-audio-worker=65536"
    "memorysetup-temp-allocator-size-cloud-worker=32768"
    "memorysetup-temp-allocator-size-gi-baking-worker=262144"
    "memorysetup-temp-allocator-size-gfx=262144"
Player connection [8687794880] Host "[IP] 172.26.98.90 [Port] 0 [Flags] 2 [Guid] 2993649968 [EditorId] 2993649968 [Version] 1048832 [Id] OSXEditor(0,cyrils-mbp-2.wifi.local.cmu.edu) [Debug] 1 [PackageName] OSXEditor [ProjectName] Editor" joined multi-casting on [225.0.0.222:54997]...

Player connection [8687794880] Host "[IP] 172.26.98.90 [Port] 0 [Flags] 2 [Guid] 2993649968 [EditorId] 2993649968 [Version] 1048832 [Id] OSXEditor(0,cyrils-mbp-2.wifi.local.cmu.edu) [Debug] 1 [PackageName] OSXEditor [ProjectName] Editor" joined alternative multi-casting on [225.0.0.222:34997]...

[Physics::Module] Initialized MultithreadedJobDispatcher with 9 workers.
Refreshing native plugins compatible for Editor in 6.29 ms, found 2 plugins.
Preloading 0 native plugins for Editor in 0.00 ms.
Initialize engine version: 2022.3.12f1 (4fe6e059c7ef)
[Subsystems] Discovering subsystems at path /Applications/Unity/Hub/Editor/2022.3.12f1/Unity.app/Contents/Resources/UnitySubsystems
[Subsystems] Discovering subsystems at path /Users/cneff/Documents/GitHub/worldbuilding_final/worldbuilding final/Assets
GfxDevice: creating device client; threaded=0; jobified=0
 preferred device: Apple M1 Max (high power)
Metal devices available: 1
0: Apple M1 Max (high power)
Using device Apple M1 Max (high power)
Initializing Metal device caps: Apple M1 Max
Initialize mono
Mono path[0] = '/Applications/Unity/Hub/Editor/2022.3.12f1/Unity.app/Contents/Managed'
Mono path[1] = '/Applications/Unity/Hub/Editor/2022.3.12f1/Unity.app/Contents/MonoBleedingEdge/lib/mono/unityjit-macos'
Mono config path = '/Applications/Unity/Hub/Editor/2022.3.12f1/Unity.app/Contents/MonoBleedingEdge/etc'
Using monoOptions --debugger-agent=transport=dt_socket,embedding=1,server=y,suspend=n,address=127.0.0.1:56403
Begin MonoManager ReloadAssembly
Registering precompiled unity dll's ...
Register platform support module: /Applications/Unity/Hub/Editor/2022.3.12f1/Unity.app/Contents/PlaybackEngines/MacStandaloneSupport/UnityEditor.OSXStandalone.Extensions.dll
Registered in 0.000725 seconds.
- Loaded All Assemblies, in  0.276 seconds
Native extension for OSXStandalone target not found
Mono: successfully reloaded assembly
- Finished resetting the current domain, in  0.160 seconds
Domain Reload Profiling: 437ms
	BeginReloadAssembly (106ms)
		ExecutionOrderSort (0ms)
		DisableScriptedObjects (0ms)
		BackupInstance (0ms)
		ReleaseScriptingObjects (0ms)
		CreateAndSetChildDomain (0ms)
	RebuildCommonClasses (30ms)
	RebuildNativeTypeToScriptingClass (8ms)
	initialDomainReloadingComplete (28ms)
	LoadAllAssembliesAndSetupDomain (104ms)
		LoadAssemblies (106ms)
		RebuildTransferFunctionScriptingTraits (0ms)
		AnalyzeDomain (103ms)
			TypeCache.Refresh (102ms)
				TypeCache.ScanAssembly (93ms)
			ScanForSourceGeneratedMonoScriptInfo (0ms)
			ResolveRequiredComponents (0ms)
	FinalizeReload (161ms)
		ReleaseScriptCaches (0ms)
		RebuildScriptCaches (0ms)
		SetupLoadedEditorAssemblies (117ms)
			LogAssemblyErrors (0ms)
			InitializePlatformSupportModulesInManaged (4ms)
			SetLoadedEditorAssemblies (4ms)
			RefreshPlugins (0ms)
			BeforeProcessingInitializeOnLoad (1ms)
			ProcessInitializeOnLoadAttributes (79ms)
			ProcessInitializeOnLoadMethodAttributes (29ms)
			AfterProcessingInitializeOnLoad (0ms)
			EditorAssembliesLoaded (0ms)
		ExecutionOrderSort2 (0ms)
		AwakeInstancesAfterBackupRestoration (0ms)
========================================================================
Worker process is ready to serve import requests
Begin MonoManager ReloadAssembly
- Loaded All Assemblies, in  0.479 seconds
Refreshing native plugins compatible for Editor in 0.75 ms, found 2 plugins.
Native extension for OSXStandalone target not found
Package Manager log level set to [2]
[Package Manager] Server::EnsureServerProcessIsRunning -- launch failed, reason: Unity was launched with the -noUpm command-line argument
[Package Manager] UpmClient::Send -- Unable to send message (not connected to UPM process).
[Package Manager] Cannot connect to Unity Package Manager local server
Mono: successfully reloaded assembly
- Finished resetting the current domain, in  0.445 seconds
Domain Reload Profiling: 925ms
	BeginReloadAssembly (99ms)
		ExecutionOrderSort (0ms)
		DisableScriptedObjects (3ms)
		BackupInstance (0ms)
		ReleaseScriptingObjects (0ms)
		CreateAndSetChildDomain (14ms)
	RebuildCommonClasses (50ms)
	RebuildNativeTypeToScriptingClass (8ms)
	initialDomainReloadingComplete (26ms)
	LoadAllAssembliesAndSetupDomain (296ms)
		LoadAssemblies (235ms)
		RebuildTransferFunctionScriptingTraits (0ms)
		AnalyzeDomain (119ms)
			TypeCache.Refresh (109ms)
				TypeCache.ScanAssembly (96ms)
			ScanForSourceGeneratedMonoScriptInfo (7ms)
			ResolveRequiredComponents (2ms)
	FinalizeReload (446ms)
		ReleaseScriptCaches (0ms)
		RebuildScriptCaches (0ms)
		SetupLoadedEditorAssemblies (344ms)
			LogAssemblyErrors (0ms)
			InitializePlatformSupportModulesInManaged (3ms)
			SetLoadedEditorAssemblies (3ms)
			RefreshPlugins (0ms)
			BeforeProcessingInitializeOnLoad (35ms)
			ProcessInitializeOnLoadAttributes (291ms)
			ProcessInitializeOnLoadMethodAttributes (11ms)
			AfterProcessingInitializeOnLoad (1ms)
			EditorAssembliesLoaded (0ms)
		ExecutionOrderSort2 (0ms)
		AwakeInstancesAfterBackupRestoration (2ms)
Launching external process: /Applications/Unity/Hub/Editor/2022.3.12f1/Unity.app/Contents/Tools/UnityShaderCompiler
Launched and connected shader compiler UnityShaderCompiler after 0.03 seconds
Refreshing native plugins compatible for Editor in 3.69 ms, found 2 plugins.
Preloading 0 native plugins for Editor in 0.00 ms.
Unloading 3096 Unused Serialized files (Serialized files now loaded: 0)
Unloading 32 unused Assets / (51.2 KB). Loaded Objects now: 3558.
Memory consumption went from 136.6 MB to 136.5 MB.
Total: 2.481583 ms (FindLiveObjects: 0.093583 ms CreateObjectMapping: 0.034917 ms MarkObjects: 2.270791 ms  DeleteObjects: 0.081458 ms)

AssetImportParameters requested are different than current active one (requested -> active):
  custom:container-demuxer-ogg: 62fdf1f143b41e24485cea50d1cbac27 -> 
  custom:video-decoder-ogg-theora: a1e56fd34408186e4bbccfd4996cb3dc -> 
  custom:container-demuxer-webm: 4f35f7cbe854078d1ac9338744f61a02 -> 
  custom:container-muxer-webm: aa71ff27fc2769a1b78a27578f13a17b -> 
  custom:video-decoder-webm-vp8: 9c59270c3fd7afecdb556c50c9e8de78 -> 
  custom:AudioImporter_EditorPlatform: 3918e3fc78b5a79bad01e8451be0beb8 -> 
  custom:framework-osx-AVFoundation: e770b220cccbd017edd2c1fefb359320 -> 
  custom:video-encoder-webm-vp8: eb34c28f22e8b96e1ab97ce403110664 -> 
  custom:audio-decoder-ogg-vorbis: bf7c407c2cedff20999df2af8eb42d56 -> 
  custom:audio-encoder-webm-vorbis: bf7c407c2cedff20999df2af8eb42d56 -> 
========================================================================
Received Import Request.
  Time since last request: 314536.101922 seconds.
  path: Assets/Kevin Iglesias/Basic Motions/Models/Burrlorg (1).fbx
  artifactKey: Guid(649f478841dad4eef96d170e8c6b51cf) Importer(815301076,1909f56bfc062723c751e8b465ee728b)
Start importing Assets/Kevin Iglesias/Basic Motions/Models/Burrlorg (1).fbx using Guid(649f478841dad4eef96d170e8c6b51cf) Importer(815301076,1909f56bfc062723c751e8b465ee728b)  -> (artifact id: 'ecae4b6217c08c5d8e68ceb7195e6855') in 0.090296 seconds
Number of updated asset objects reloaded before import = 0
Number of asset objects unloaded after import = 9
========================================================================
Received Import Request.
  Time since last request: 17.861777 seconds.
  path: Assets/Kevin Iglesias/Basic Motions/Models/textures
  artifactKey: Guid(51a544b9ca5954bd8a6a97c72dd884fd) Importer(815301076,1909f56bfc062723c751e8b465ee728b)
Start importing Assets/Kevin Iglesias/Basic Motions/Models/textures using Guid(51a544b9ca5954bd8a6a97c72dd884fd) Importer(815301076,1909f56bfc062723c751e8b465ee728b)  -> (artifact id: '7c4f18c5f8eda0d361407763e2e92444') in 0.000937 seconds
Number of updated asset objects reloaded before import = 0
Number of asset objects unloaded after import = 0
========================================================================
Received Import Request.
  Time since last request: 0.076518 seconds.
  path: Assets/Kevin Iglesias/Basic Motions/Models/textures/Cylinder Base Color.png
  artifactKey: Guid(dfda3825b190545f5922e0d6ce8daca4) Importer(815301076,1909f56bfc062723c751e8b465ee728b)
Start importing Assets/Kevin Iglesias/Basic Motions/Models/textures/Cylinder Base Color.png using Guid(dfda3825b190545f5922e0d6ce8daca4) Importer(815301076,1909f56bfc062723c751e8b465ee728b)  -> (artifact id: '1699babf6409682bc049541e2a42b067') in 0.013916 seconds
Number of updated asset objects reloaded before import = 0
Number of asset objects unloaded after import = 2
========================================================================
Received Import Request.
  Time since last request: 0.000138 seconds.
  path: Assets/Kevin Iglesias/Basic Motions/Models/textures/Cylinder.014 Base Color.png
  artifactKey: Guid(498cfb50f8ca44ba79d870baa03f81e0) Importer(815301076,1909f56bfc062723c751e8b465ee728b)
Start importing Assets/Kevin Iglesias/Basic Motions/Models/textures/Cylinder.014 Base Color.png using Guid(498cfb50f8ca44ba79d870baa03f81e0) Importer(815301076,1909f56bfc062723c751e8b465ee728b)  -> (artifact id: '92e88655b2b1bc8eec02234d4d927500') in 0.009910 seconds
Number of updated asset objects reloaded before import = 0
Number of asset objects unloaded after import = 2
========================================================================
Received Import Request.
  Time since last request: 0.000082 seconds.
  path: Assets/Kevin Iglesias/Basic Motions/Models/textures/Cylinder.005 Base Color.png
  artifactKey: Guid(ae6e6162054fe45a398d03334c005bd9) Importer(815301076,1909f56bfc062723c751e8b465ee728b)
Start importing Assets/Kevin Iglesias/Basic Motions/Models/textures/Cylinder.005 Base Color.png using Guid(ae6e6162054fe45a398d03334c005bd9) Importer(815301076,1909f56bfc062723c751e8b465ee728b)  -> (artifact id: '38e1e2e7f459901c5d53a51658300437') in 0.014430 seconds
Number of updated asset objects reloaded before import = 0
Number of asset objects unloaded after import = 2
========================================================================
Received Import Request.
  Time since last request: 0.000112 seconds.
  path: Assets/Kevin Iglesias/Basic Motions/Models/textures/Cylinder.012 Base Color.png
  artifactKey: Guid(b9ef428ed005545d48505080a73f2e96) Importer(815301076,1909f56bfc062723c751e8b465ee728b)
Start importing Assets/Kevin Iglesias/Basic Motions/Models/textures/Cylinder.012 Base Color.png using Guid(b9ef428ed005545d48505080a73f2e96) Importer(815301076,1909f56bfc062723c751e8b465ee728b)  -> (artifact id: '886bef9d486a50d75a33a609147dd0d2') in 0.007400 seconds
Number of updated asset objects reloaded before import = 0
Number of asset objects unloaded after import = 2
========================================================================
Received Import Request.
  Time since last request: 0.000083 seconds.
  path: Assets/Kevin Iglesias/Basic Motions/Models/textures/Sphere.009 Base Color.png
  artifactKey: Guid(072bb82f7cb294622b4757a6b933266c) Importer(815301076,1909f56bfc062723c751e8b465ee728b)
Start importing Assets/Kevin Iglesias/Basic Motions/Models/textures/Sphere.009 Base Color.png using Guid(072bb82f7cb294622b4757a6b933266c) Importer(815301076,1909f56bfc062723c751e8b465ee728b)  -> (artifact id: '58231e149bfe4ec3d5f7347db77881ca') in 0.011399 seconds
Number of updated asset objects reloaded before import = 0
Number of asset objects unloaded after import = 2
========================================================================
Received Import Request.
  Time since last request: 0.000129 seconds.
  path: Assets/Kevin Iglesias/Basic Motions/Models/textures/Sphere.013 Base Color.png
  artifactKey: Guid(1193f499d75704f238af653baa7229c6) Importer(815301076,1909f56bfc062723c751e8b465ee728b)
Start importing Assets/Kevin Iglesias/Basic Motions/Models/textures/Sphere.013 Base Color.png using Guid(1193f499d75704f238af653baa7229c6) Importer(815301076,1909f56bfc062723c751e8b465ee728b)  -> (artifact id: '2b1663dc508e40e91e830f68622ccfb7') in 0.011839 seconds
Number of updated asset objects reloaded before import = 0
Number of asset objects unloaded after import = 2
========================================================================
Received Import Request.
  Time since last request: 0.000095 seconds.
  path: Assets/Kevin Iglesias/Basic Motions/Models/textures/Sphere.002 Base Color.png
  artifactKey: Guid(238ceb3345d6e4f2ca80a8d5efdfca1a) Importer(815301076,1909f56bfc062723c751e8b465ee728b)
Start importing Assets/Kevin Iglesias/Basic Motions/Models/textures/Sphere.002 Base Color.png using Guid(238ceb3345d6e4f2ca80a8d5efdfca1a) Importer(815301076,1909f56bfc062723c751e8b465ee728b)  -> (artifact id: '94a51d8c035df04485ddc3505ae91d50') in 0.010270 seconds
Number of updated asset objects reloaded before import = 0
Number of asset objects unloaded after import = 2
========================================================================
Received Import Request.
  Time since last request: 0.000112 seconds.
  path: Assets/Kevin Iglesias/Basic Motions/Models/textures/Sphere.007 Base Color.png
  artifactKey: Guid(a3ae41586dc9342d99acc1083d3b0c65) Importer(815301076,1909f56bfc062723c751e8b465ee728b)
Start importing Assets/Kevin Iglesias/Basic Motions/Models/textures/Sphere.007 Base Color.png using Guid(a3ae41586dc9342d99acc1083d3b0c65) Importer(815301076,1909f56bfc062723c751e8b465ee728b)  -> (artifact id: '5407c1478a025d61833a06713688cfda') in 0.008088 seconds
Number of updated asset objects reloaded before import = 0
Number of asset objects unloaded after import = 2
========================================================================
Received Import Request.
  Time since last request: 0.000067 seconds.
  path: Assets/Kevin Iglesias/Basic Motions/Models/textures/Cylinder.007 Base Color.png
  artifactKey: Guid(6fba571880e9a42ef937c751d62e4884) Importer(815301076,1909f56bfc062723c751e8b465ee728b)
Start importing Assets/Kevin Iglesias/Basic Motions/Models/textures/Cylinder.007 Base Color.png using Guid(6fba571880e9a42ef937c751d62e4884) Importer(815301076,1909f56bfc062723c751e8b465ee728b)  -> (artifact id: '91e3a5e3dc80226efc775996372848ba') in 0.010404 seconds
Number of updated asset objects reloaded before import = 0
Number of asset objects unloaded after import = 2
========================================================================
Received Import Request.
  Time since last request: 0.000083 seconds.
  path: Assets/Kevin Iglesias/Basic Motions/Models/textures/Sphere.012 Base Color.png
  artifactKey: Guid(c4a87963bd7f74662915c5ec836e4e57) Importer(815301076,1909f56bfc062723c751e8b465ee728b)
Start importing Assets/Kevin Iglesias/Basic Motions/Models/textures/Sphere.012 Base Color.png using Guid(c4a87963bd7f74662915c5ec836e4e57) Importer(815301076,1909f56bfc062723c751e8b465ee728b)  -> (artifact id: 'ef9d3031f7d284ff2fa94735dcc13777') in 0.006569 seconds
Number of updated asset objects reloaded before import = 0
Number of asset objects unloaded after import = 2
========================================================================
Received Import Request.
  Time since last request: 0.000075 seconds.
  path: Assets/Kevin Iglesias/Basic Motions/Models/textures/Sphere.003 Base Color.png
  artifactKey: Guid(c35d6bc53200e4263b3e31ef41b21830) Importer(815301076,1909f56bfc062723c751e8b465ee728b)
Start importing Assets/Kevin Iglesias/Basic Motions/Models/textures/Sphere.003 Base Color.png using Guid(c35d6bc53200e4263b3e31ef41b21830) Importer(815301076,1909f56bfc062723c751e8b465ee728b)  -> (artifact id: 'e21c787ad153020e83ffb233515b6775') in 0.005771 seconds
Number of updated asset objects reloaded before import = 0
Number of asset objects unloaded after import = 2
========================================================================
Received Import Request.
  Time since last request: 0.000118 seconds.
  path: Assets/Kevin Iglesias/Basic Motions/Models/textures/SPHERE 1 Base Color.png
  artifactKey: Guid(3ad832de9e56e48be904e6a1541f5880) Importer(815301076,1909f56bfc062723c751e8b465ee728b)
Start importing Assets/Kevin Iglesias/Basic Motions/Models/textures/SPHERE 1 Base Color.png using Guid(3ad832de9e56e48be904e6a1541f5880) Importer(815301076,1909f56bfc062723c751e8b465ee728b)  -> (artifact id: '4f9d7a8aebc5edfff1c693378411b79a') in 0.009053 seconds
Number of updated asset objects reloaded before import = 0
Number of asset objects unloaded after import = 2
========================================================================
Received Import Request.
  Time since last request: 0.000081 seconds.
  path: Assets/Kevin Iglesias/Basic Motions/Models/textures/Sphere.006 Base Color.png
  artifactKey: Guid(11a251966effa44bcab740f83a286a1a) Importer(815301076,1909f56bfc062723c751e8b465ee728b)
Start importing Assets/Kevin Iglesias/Basic Motions/Models/textures/Sphere.006 Base Color.png using Guid(11a251966effa44bcab740f83a286a1a) Importer(815301076,1909f56bfc062723c751e8b465ee728b)  -> (artifact id: '4ad12b37fd8fce422ff24e59aabef16d') in 0.012312 seconds
Number of updated asset objects reloaded before import = 0
Number of asset objects unloaded after import = 2
========================================================================
Received Import Request.
  Time since last request: 0.000124 seconds.
  path: Assets/Kevin Iglesias/Basic Motions/Models/textures/Sphere Base Color.png
  artifactKey: Guid(785d8dfa3f4dc4785bdb82ddab02102c) Importer(815301076,1909f56bfc062723c751e8b465ee728b)
Start importing Assets/Kevin Iglesias/Basic Motions/Models/textures/Sphere Base Color.png using Guid(785d8dfa3f4dc4785bdb82ddab02102c) Importer(815301076,1909f56bfc062723c751e8b465ee728b)  -> (artifact id: '59c5c9d08a120e05fcb5a87464a7bcdc') in 0.007779 seconds
Number of updated asset objects reloaded before import = 0
Number of asset objects unloaded after import = 2
========================================================================
Received Import Request.
  Time since last request: 0.000095 seconds.
  path: Assets/Kevin Iglesias/Basic Motions/Models/textures/Sphere.011 Base Color.png
  artifactKey: Guid(7fb9dbc98610a47b3a50f70dbe100465) Importer(815301076,1909f56bfc062723c751e8b465ee728b)
Start importing Assets/Kevin Iglesias/Basic Motions/Models/textures/Sphere.011 Base Color.png using Guid(7fb9dbc98610a47b3a50f70dbe100465) Importer(815301076,1909f56bfc062723c751e8b465ee728b)  -> (artifact id: '4bd46ac58fa1eebf750078a2e6eabf8f') in 0.006965 seconds
Number of updated asset objects reloaded before import = 0
Number of asset objects unloaded after import = 2
========================================================================
Received Import Request.
  Time since last request: 0.000085 seconds.
  path: Assets/Kevin Iglesias/Basic Motions/Models/textures/Sphere.004 Base Color.png
  artifactKey: Guid(f9de982abe6f647b18ed83518be3a24a) Importer(815301076,1909f56bfc062723c751e8b465ee728b)
Start importing Assets/Kevin Iglesias/Basic Motions/Models/textures/Sphere.004 Base Color.png using Guid(f9de982abe6f647b18ed83518be3a24a) Importer(815301076,1909f56bfc062723c751e8b465ee728b)  -> (artifact id: '2ade9679ebc6dc35cfe50890a0453fb9') in 0.008347 seconds
Number of updated asset objects reloaded before import = 0
Number of asset objects unloaded after import = 2
========================================================================
Received Import Request.
  Time since last request: 0.000103 seconds.
  path: Assets/Kevin Iglesias/Basic Motions/Models/textures/Sphere.005 Base Color.png
  artifactKey: Guid(9caab12713cd44c84a1ba4efdc489eac) Importer(815301076,1909f56bfc062723c751e8b465ee728b)
Start importing Assets/Kevin Iglesias/Basic Motions/Models/textures/Sphere.005 Base Color.png using Guid(9caab12713cd44c84a1ba4efdc489eac) Importer(815301076,1909f56bfc062723c751e8b465ee728b)  -> (artifact id: '620a25668dd7edb4b66032420f535abf') in 0.008695 seconds
Number of updated asset objects reloaded before import = 0
Number of asset objects unloaded after import = 2
========================================================================
Received Import Request.
  Time since last request: 0.000095 seconds.
  path: Assets/Kevin Iglesias/Basic Motions/Models/textures/Sphere.010 Base Color.png
  artifactKey: Guid(78ba84ac612084ccf89cba07a25ac1df) Importer(815301076,1909f56bfc062723c751e8b465ee728b)
Start importing Assets/Kevin Iglesias/Basic Motions/Models/textures/Sphere.010 Base Color.png using Guid(78ba84ac612084ccf89cba07a25ac1df) Importer(815301076,1909f56bfc062723c751e8b465ee728b)  -> (artifact id: '9f15efa8e28f681879f407aaf162abed') in 0.007550 seconds
Number of updated asset objects reloaded before import = 0
Number of asset objects unloaded after import = 2
========================================================================
Received Import Request.
  Time since last request: 0.000118 seconds.
  path: Assets/Kevin Iglesias/Basic Motions/Models/textures/Cylinder.011 Base Color.png
  artifactKey: Guid(7068a21a3143249e681e74e9f9e024ee) Importer(815301076,1909f56bfc062723c751e8b465ee728b)
Start importing Assets/Kevin Iglesias/Basic Motions/Models/textures/Cylinder.011 Base Color.png using Guid(7068a21a3143249e681e74e9f9e024ee) Importer(815301076,1909f56bfc062723c751e8b465ee728b)  -> (artifact id: 'ff5743a196bb88e48d277839aed3a5e8') in 0.008730 seconds
Number of updated asset objects reloaded before import = 0
Number of asset objects unloaded after import = 2
========================================================================
Received Import Request.
  Time since last request: 0.656260 seconds.
  path: Assets/Kevin Iglesias/Basic Motions/Models/textures/Sphere.014 Base Color.png
  artifactKey: Guid(a83de85eb4e4b45e7802370215dc6d73) Importer(815301076,1909f56bfc062723c751e8b465ee728b)
Start importing Assets/Kevin Iglesias/Basic Motions/Models/textures/Sphere.014 Base Color.png using Guid(a83de85eb4e4b45e7802370215dc6d73) Importer(815301076,1909f56bfc062723c751e8b465ee728b)  -> (artifact id: '1bac83974e4352cf092c3937d57262a4') in 0.032308 seconds
Number of updated asset objects reloaded before import = 0
Number of asset objects unloaded after import = 2
========================================================================
Received Import Request.
  Time since last request: 0.000184 seconds.
  path: Assets/Kevin Iglesias/Basic Motions/Models/textures/Sphere.016 Base Color.png
  artifactKey: Guid(df4ca7595a1a747678679f973ded99ed) Importer(815301076,1909f56bfc062723c751e8b465ee728b)
Start importing Assets/Kevin Iglesias/Basic Motions/Models/textures/Sphere.016 Base Color.png using Guid(df4ca7595a1a747678679f973ded99ed) Importer(815301076,1909f56bfc062723c751e8b465ee728b)  -> (artifact id: 'a21f5901dc23a8ac69b58bcdbf39af45') in 0.014167 seconds
Number of updated asset objects reloaded before import = 0
Number of asset objects unloaded after import = 2
========================================================================
Received Prepare
Refreshing native plugins compatible for Editor in 1.05 ms, found 2 plugins.
Preloading 0 native plugins for Editor in 0.00 ms.
Unloading 0 Unused Serialized files (Serialized files now loaded: 0)
Unloading 1 unused Assets / (0.8 KB). Loaded Objects now: 3605.
Memory consumption went from 88.9 MB to 88.9 MB.
Total: 2.502750 ms (FindLiveObjects: 0.094542 ms CreateObjectMapping: 0.035625 ms MarkObjects: 2.361000 ms  DeleteObjects: 0.011042 ms)

Prepare: number of updated asset objects reloaded= 0
AssetImportParameters requested are different than current active one (requested -> active):
  custom:container-demuxer-ogg: 62fdf1f143b41e24485cea50d1cbac27 -> 
  custom:video-decoder-ogg-theora: a1e56fd34408186e4bbccfd4996cb3dc -> 
  custom:CustomObjectIndexerAttribute: 756ad292c208cfabdd7b50bc23989ffe -> 
  custom:container-demuxer-webm: 4f35f7cbe854078d1ac9338744f61a02 -> 
  custom:container-muxer-webm: aa71ff27fc2769a1b78a27578f13a17b -> 
  custom:video-decoder-webm-vp8: 9c59270c3fd7afecdb556c50c9e8de78 -> 
  custom:SearchIndexIgnoredProperties: e643bd26f0fe6173181afceb89e7c659 -> 
  custom:AudioImporter_EditorPlatform: 3918e3fc78b5a79bad01e8451be0beb8 -> 
  custom:framework-osx-AVFoundation: e770b220cccbd017edd2c1fefb359320 -> 
  custom:video-encoder-webm-vp8: eb34c28f22e8b96e1ab97ce403110664 -> 
  custom:audio-decoder-ogg-vorbis: bf7c407c2cedff20999df2af8eb42d56 -> 
  custom:audio-encoder-webm-vorbis: bf7c407c2cedff20999df2af8eb42d56 -> 
========================================================================
Received Import Request.
  Time since last request: 221.359099 seconds.
  path: Assets/Kevin Iglesias/Basic Motions/Models/Burrlorg (2).fbx
  artifactKey: Guid(1c9eb8db029b04287b5b010bb6e400ed) Importer(815301076,1909f56bfc062723c751e8b465ee728b)
Start importing Assets/Kevin Iglesias/Basic Motions/Models/Burrlorg (2).fbx using Guid(1c9eb8db029b04287b5b010bb6e400ed) Importer(815301076,1909f56bfc062723c751e8b465ee728b)  -> (artifact id: '173ebfd7f6935c44595b929f5bcb91e1') in 0.385979 seconds
Number of updated asset objects reloaded before import = 0
Number of asset objects unloaded after import = 289
========================================================================
Received Prepare
Begin MonoManager ReloadAssembly
Thread 0x31e1d3000 may have been prematurely finalized
- Loaded All Assemblies, in  0.298 seconds
Refreshing native plugins compatible for Editor in 1.31 ms, found 2 plugins.
Native extension for OSXStandalone target not found
[Package Manager] Server::EnsureServerProcessIsRunning -- launch failed, reason: Unity was launched with the -noUpm command-line argument
[Package Manager] UpmClient::Send -- Unable to send message (not connected to UPM process).
[Package Manager] Cannot connect to Unity Package Manager local server
Mono: successfully reloaded assembly
- Finished resetting the current domain, in  0.966 seconds
Domain Reload Profiling: 1264ms
	BeginReloadAssembly (94ms)
		ExecutionOrderSort (0ms)
		DisableScriptedObjects (2ms)
		BackupInstance (0ms)
		ReleaseScriptingObjects (0ms)
		CreateAndSetChildDomain (18ms)
	RebuildCommonClasses (24ms)
	RebuildNativeTypeToScriptingClass (8ms)
	initialDomainReloadingComplete (13ms)
	LoadAllAssembliesAndSetupDomain (159ms)
		LoadAssemblies (201ms)
		RebuildTransferFunctionScriptingTraits (0ms)
		AnalyzeDomain (10ms)
			TypeCache.Refresh (6ms)
				TypeCache.ScanAssembly (0ms)
			ScanForSourceGeneratedMonoScriptInfo (0ms)
			ResolveRequiredComponents (3ms)
	FinalizeReload (966ms)
		ReleaseScriptCaches (0ms)
		RebuildScriptCaches (0ms)
		SetupLoadedEditorAssemblies (232ms)
			LogAssemblyErrors (0ms)
			InitializePlatformSupportModulesInManaged (2ms)
			SetLoadedEditorAssemblies (4ms)
			RefreshPlugins (0ms)
			BeforeProcessingInitializeOnLoad (37ms)
			ProcessInitializeOnLoadAttributes (175ms)
			ProcessInitializeOnLoadMethodAttributes (12ms)
			AfterProcessingInitializeOnLoad (1ms)
			EditorAssembliesLoaded (0ms)
		ExecutionOrderSort2 (0ms)
		AwakeInstancesAfterBackupRestoration (3ms)
Refreshing native plugins compatible for Editor in 2.36 ms, found 2 plugins.
Preloading 0 native plugins for Editor in 0.00 ms.
Unloading 3084 Unused Serialized files (Serialized files now loaded: 0)
Unloading 23 unused Assets / (31.1 KB). Loaded Objects now: 3607.
Memory consumption went from 142.8 MB to 142.8 MB.
Total: 2.102375 ms (FindLiveObjects: 0.098833 ms CreateObjectMapping: 0.035708 ms MarkObjects: 1.928459 ms  DeleteObjects: 0.038708 ms)

Prepare: number of updated asset objects reloaded= 0
AssetImportParameters requested are different than current active one (requested -> active):
  custom:container-demuxer-ogg: 62fdf1f143b41e24485cea50d1cbac27 -> 
  custom:video-decoder-ogg-theora: a1e56fd34408186e4bbccfd4996cb3dc -> 
  custom:CustomObjectIndexerAttribute: 756ad292c208cfabdd7b50bc23989ffe -> 
  custom:container-demuxer-webm: 4f35f7cbe854078d1ac9338744f61a02 -> 
  custom:container-muxer-webm: aa71ff27fc2769a1b78a27578f13a17b -> 
  custom:video-decoder-webm-vp8: 9c59270c3fd7afecdb556c50c9e8de78 -> 
  custom:SearchIndexIgnoredProperties: e643bd26f0fe6173181afceb89e7c659 -> 
  custom:AudioImporter_EditorPlatform: 3918e3fc78b5a79bad01e8451be0beb8 -> 
  custom:framework-osx-AVFoundation: e770b220cccbd017edd2c1fefb359320 -> 
  custom:video-encoder-webm-vp8: eb34c28f22e8b96e1ab97ce403110664 -> 
  custom:audio-decoder-ogg-vorbis: bf7c407c2cedff20999df2af8eb42d56 -> 
  custom:audio-encoder-webm-vorbis: bf7c407c2cedff20999df2af8eb42d56 -> 
